2021-03-17 12:04:17.548 [Calculator.java] INFO  Calculator.Calculator - Square root of number 81.0
2021-03-17 12:04:17.585 [Calculator.java] INFO  Calculator.Calculator - Result of Square root  is 9.0
2021-03-17 12:04:17.589 [Calculator.java] INFO  Calculator.Calculator - Square root of number 12.0
2021-03-17 12:04:17.596 [Calculator.java] INFO  Calculator.Calculator - Result of Square root  is 3.4641016151377544
2021-03-17 12:04:17.603 [Calculator.java] INFO  Calculator.Calculator - Factorial  of number 3.0
2021-03-17 12:04:17.606 [Calculator.java] INFO  Calculator.Calculator - Result of Factorial log is 6.0
2021-03-17 12:04:17.607 [Calculator.java] INFO  Calculator.Calculator - Factorial  of number 7.0
2021-03-17 12:04:17.610 [Calculator.java] INFO  Calculator.Calculator - Result of Factorial log is 5040.0
2021-03-17 12:04:17.617 [Calculator.java] INFO  Calculator.Calculator - NAtural logrithm of numbers 8.0
2021-03-17 12:04:17.619 [Calculator.java] INFO  Calculator.Calculator - Result of Natural log is 2.0794415416798357
2021-03-17 12:04:17.619 [Calculator.java] INFO  Calculator.Calculator - NAtural logrithm of numbers 4.0
2021-03-17 12:04:17.620 [Calculator.java] INFO  Calculator.Calculator - Result of Natural log is 1.3862943611198906
2021-03-17 12:04:17.623 [Calculator.java] INFO  Calculator.Calculator - Square root of number 81.0
2021-03-17 12:04:17.624 [Calculator.java] INFO  Calculator.Calculator - Result of Square root  is 9.0
2021-03-17 12:04:17.625 [Calculator.java] INFO  Calculator.Calculator - Square root of number 16.0
2021-03-17 12:04:17.629 [Calculator.java] INFO  Calculator.Calculator - Result of Square root  is 4.0
2021-03-17 12:04:17.630 [Calculator.java] INFO  Calculator.Calculator - NAtural logrithm of numbers 4.0
2021-03-17 12:04:17.631 [Calculator.java] INFO  Calculator.Calculator - Result of Natural log is 1.3862943611198906
2021-03-17 12:04:17.633 [Calculator.java] INFO  Calculator.Calculator - NAtural logrithm of numbers 8.0
2021-03-17 12:04:17.633 [Calculator.java] INFO  Calculator.Calculator - Result of Natural log is 2.0794415416798357
2021-03-17 12:04:17.673 [Calculator.java] INFO  Calculator.Calculator - power of numbers 2.0 and 3.0
2021-03-17 12:04:17.683 [Calculator.java] INFO  Calculator.Calculator - Result of power is 8.0
2021-03-17 12:04:17.684 [Calculator.java] INFO  Calculator.Calculator - power of numbers 3.0 and 3.0
2021-03-17 12:04:17.686 [Calculator.java] INFO  Calculator.Calculator - Result of power is 27.0
2021-03-17 12:04:17.691 [Calculator.java] INFO  Calculator.Calculator - power of numbers 2.0 and 3.0
2021-03-17 12:04:17.692 [Calculator.java] INFO  Calculator.Calculator - Result of power is 8.0
2021-03-17 12:04:17.693 [Calculator.java] INFO  Calculator.Calculator - power of numbers 4.0 and 3.0
2021-03-17 12:04:17.696 [Calculator.java] INFO  Calculator.Calculator - Result of power is 64.0
2021-03-17 12:04:17.697 [Calculator.java] INFO  Calculator.Calculator - Factorial  of number 3.0
2021-03-17 12:04:17.699 [Calculator.java] INFO  Calculator.Calculator - Result of Factorial log is 6.0
2021-03-17 12:04:17.700 [Calculator.java] INFO  Calculator.Calculator - Factorial  of number 5.0
2021-03-17 12:04:17.707 [Calculator.java] INFO  Calculator.Calculator - Result of Factorial log is 120.0
